proj.android/proguard/seeds.txt
com.soloman.noonedieplane.R$color: int sliding_menu_background
com.soloman.noonedieplane.R$color: int sliding_menu_body_background
com.soloman.noonedieplane.R$color: int sliding_menu_item_down
com.soloman.noonedieplane.R$color: int sliding_menu_item_release
com.soloman.noonedieplane.R$drawable: int auth_follow_cb_chd
com.soloman.noonedieplane.R$drawable: int auth_follow_cb_unc
com.soloman.noonedieplane.R$drawable: int auth_title_back
com.soloman.noonedieplane.R$drawable: int btn_back_nor
com.soloman.noonedieplane.R$drawable: int btn_cancel_back
com.soloman.noonedieplane.R$drawable: int edittext_back
com.soloman.noonedieplane.R$drawable: int gray_point
com.soloman.noonedieplane.R$drawable: int ic_launcher
com.soloman.noonedieplane.R$drawable: int icon
com.soloman.noonedieplane.R$drawable: int img_cancel
com.soloman.noonedieplane.R$drawable: int logo_douban
com.soloman.noonedieplane.R$drawable: int logo_dropbox
com.soloman.noonedieplane.R$drawable: int logo_email
com.soloman.noonedieplane.R$drawable: int logo_evernote
com.soloman.noonedieplane.R$drawable: int logo_facebook
com.soloman.noonedieplane.R$drawable: int logo_flickr
com.soloman.noonedieplane.R$drawable: int logo_foursquare
com.soloman.noonedieplane.R$drawable: int logo_googleplus
com.soloman.noonedieplane.R$drawable: int logo_instagram
com.soloman.noonedieplane.R$drawable: int logo_kaixin
com.soloman.noonedieplane.R$drawable: int logo_linkedin
com.soloman.noonedieplane.R$drawable: int logo_mingdao
com.soloman.noonedieplane.R$drawable: int logo_neteasemicroblog
com.soloman.noonedieplane.R$drawable: int logo_pinterest
com.soloman.noonedieplane.R$drawable: int logo_qq
com.soloman.noonedieplane.R$drawable: int logo_qzone
com.soloman.noonedieplane.R$drawable: int logo_renren
com.soloman.noonedieplane.R$string: int app_downloading
com.soloman.noonedieplane.R$string: int app_name
com.soloman.noonedieplane.R$string: int app_upload
com.soloman.noonedieplane.R$string: int app_upload_extinfo
com.soloman.noonedieplane.R$string: int buy_failed
com.soloman.noonedieplane.R$string: int buy_success
com.soloman.noonedieplane.R$string: int cancel
com.soloman.noonedieplane.R$string: int customer_douban
com.soloman.noonedieplane.R$string: int customer_facebook
com.soloman.noonedieplane.R$string: int customer_kaixin
com.soloman.noonedieplane.R$string: int customer_nemb
com.soloman.noonedieplane.R$string: int customer_qzone
com.soloman.noonedieplane.R$string: int customer_renren
com.soloman.noonedieplane.R$string: int customer_sina
com.soloman.noonedieplane.R$string: int customer_sohu
com.soloman.noonedieplane.R$string: int customer_suishenkan
com.soloman.noonedieplane.R$string: int customer_tencent
com.soloman.noonedieplane.R$string: int customer_tumblr
com.soloman.noonedieplane.R$string: int customer_twitter
com.soloman.noonedieplane.R$string: int customer_youdao
com.soloman.noonedieplane.R$string: int demo_get_access_token
com.soloman.noonedieplane.R$string: int demo_get_my_info
com.soloman.noonedieplane.R$string: int demo_get_other_info
com.soloman.noonedieplane.R$string: int demo_share_all
com.soloman.noonedieplane.R$string: int demo_share_all_gui
com.soloman.noonedieplane.R$string: int douban
com.soloman.noonedieplane.R$string: int download_faield
com.soloman.noonedieplane.R$style: int AppTheme
...
cn.immob.sdk.bp
cn.immob.sdk.bp: java.lang.String a
cn.immob.sdk.bp: java.lang.String a(android.content.Context,java.lang.String)
cn.immob.sdk.bp: java.lang.String b(android.content.Context,java.lang.String)
cn.immob.sdk.bp: java.lang.String c(android.content.Context,java.lang.String)
cn.immob.sdk.bp: java.lang.String d(android.content.Context,java.lang.String)
cn.immob.sdk.bp: java.lang.String e(android.content.Context,java.lang.String)
cn.immob.sdk.bp: java.lang.String f(android.content.Context,java.lang.String)
cn.immob.sdk.bp: java.lang.String a(android.content.Context)
cn.immob.sdk.bp: void a(int,android.os.Handler,java.lang.Object,cn.immob.sdk.aw)
cn.immob.sdk.bp: java.lang.String a(android.content.Context,android.os.Message,boolean)
cn.immob.sdk.bp: void <clinit>()
cn.immob.sdk.bq
cn.immob.sdk.bq: android.content.Context a
cn.immob.sdk.bq: java.util.List b
cn.immob.sdk.bq: java.util.Map c
cn.immob.sdk.bq: android.content.SharedPreferences d
cn.immob.sdk.bq: java.util.Random e
cn.immob.sdk.bq: java.lang.String f
cn.immob.sdk.bq: boolean g
cn.immob.sdk.bq: bq(android.content.Context)
cn.immob.sdk.bq: void onServiceConnected(android.content.ComponentName,android.os.IBinder)
cn.immob.sdk.bq: void onServiceDisconnected(android.content.ComponentName)
cn.immob.sdk.bq: void c()
cn.immob.sdk.bq: void d()
cn.immob.sdk.bq: void e()
cn.immob.sdk.bq: void f()
cn.immob.sdk.bq: java.lang.String a()
cn.immob.sdk.bq: boolean b()
cn.immob.sdk.bq: void a(android.content.Context)
cn.immob.sdk.bq: java.util.Map a(cn.immob.sdk.bq)
cn.immob.sdk.bq: void <clinit>()
cn.immob.sdk.brocastreceiver.AppChangeBrocastreceiver
cn.immob.sdk.brocastreceiver.AppChangeBrocastreceiver: java.lang.String a
cn.immob.sdk.brocastreceiver.AppChangeBrocastreceiver: android.os.Handler b
cn.immob.sdk.brocastreceiver.AppChangeBrocastreceiver: AppChangeBrocastreceiver()
cn.immob.sdk.brocastreceiver.AppChangeBrocastreceiver: void onReceive(android.content.Context,android.content.Intent)
cn.immob.sdk.brocastreceiver.AppChangeBrocastreceiver: void setHandler(android.os.Handler)
cn.immob.sdk.brocastreceiver.AppChangeBrocastreceiver: void a(java.lang.String,android.content.Context,long)
cn.immob.sdk.brocastreceiver.AppChangeBrocastreceiver: void <clinit>()
cn.immob.sdk.controller.LMController
cn.immob.sdk.controller.LMController: android.content.Context a
cn.immob.sdk.controller.LMController: cn.immob.sdk.IMWebView b
cn.immob.sdk.controller.LMController: cn.immob.sdk.controller.LMLocationController c
cn.immob.sdk.controller.LMController: java.lang.String d
cn.immob.sdk.controller.LMController: LMController(cn.immob.sdk.IMWebView,android.content.Context)
cn.immob.sdk.controller.LMController: java.lang.String getSupports()
cn.immob.sdk.controller.LMController: boolean a(java.lang.String)
cn.immob.sdk.controller.LMController: java.lang.String getVersion()