proj.android/proguard/mapping.txt
cn.immob.sdk.bs -> h:
    cn.immob.sdk.bq a -> a
    int compare(java.lang.Object,java.lang.Object) -> compare
cn.immob.sdk.c -> i:
    cn.immob.sdk.BrowserActivity a -> a
    void onClick(android.view.View) -> onClick
cn.immob.sdk.controller.LMController -> cn.immob.sdk.controller.LMController:
    android.content.Context a -> a
    cn.immob.sdk.IMWebView b -> b
    cn.immob.sdk.controller.LMLocationController c -> c
    java.lang.String d -> d
    java.lang.String getSupports() -> getSupports
    boolean a(java.lang.String) -> a
    java.lang.String getVersion() -> getVersion
cn.immob.sdk.controller.LMCtrMgr -> cn.immob.sdk.controller.LMCtrMgr:
    cn.immob.sdk.controller.LMDisplayController c -> c
    cn.immob.sdk.controller.LMLocationController d -> d
    cn.immob.sdk.controller.LMPhoneController e -> e
    cn.immob.sdk.controller.LMPlayerController mLMPlayerController -> mLMPlayerController
    cn.immob.sdk.controller.LMSensorController f -> f
    cn.immob.sdk.controller.LMSDKController g -> g
    cn.immob.sdk.controller.LMNetworkController h -> h
    android.content.Context i -> i
    cn.immob.sdk.ImmobView j -> j
    cn.immob.sdk.LMAdListener k -> k
    java.lang.String l -> l
    void setLmmobView(cn.immob.sdk.ImmobView) -> setLmmobView
    void setLMadListener(cn.immob.sdk.LMAdListener) -> setLMadListener
    void appOriChange() -> appOriChange
    void init(float,java.lang.String,java.util.Hashtable) -> init
    java.lang.String getState() -> getState
    void open(java.lang.String) -> open
    void open(java.lang.String,boolean) -> open
    void openMap(java.lang.String,boolean) -> openMap
    boolean request(java.lang.String,java.lang.String) -> request
    void activate(java.lang.String) -> activate
    void deactivate(java.lang.String) -> deactivate
    void stopAllListeners() -> stopAllListeners
    void showAlert(java.lang.String) -> showAlert
cn.immob.sdk.controller.LMDisplayController -> cn.immob.sdk.controller.LMDisplayController:
    android.view.WindowManager c -> c
    boolean d -> d
    int e -> e
    int f -> f
    int g -> g
    int h -> h
    int i -> i
    int j -> j
    boolean k -> k
    boolean l -> l
    boolean m -> m
    boolean n -> n
    int o -> o
    float p -> p
    java.lang.String q -> q
    boolean r -> r
    java.lang.String getScreenSize() -> getScreenSize
    java.lang.String getMaxSize() -> getMaxSize
    void resize(int,int) -> resize
    void expand(java.lang.String) -> expand
    void expand(java.lang.String,java.lang.String) -> expand
    void setExpandProperties(java.lang.String) -> setExpandProperties
    java.lang.String getExpendProperties() -> getExpendProperties
    void setExpandProperty(java.lang.String) -> setExpandProperty
    void a(java.lang.String) -> a
    void show() -> show
    void hide() -> hide
    void close() -> close
    boolean isVisible() -> isVisible
    java.lang.String getDefaultPosition() -> getDefaultPosition
    void setMaxSize(int,int) -> setMaxSize
    void useCustomClose(boolean) -> useCustomClose
    java.lang.String getSize() -> getSize
    boolean getViewable() -> getViewable
    boolean stringToBoolean(org.json.JSONObject,java.lang.String) -> stringToBoolean
    int stringToInt(org.json.JSONObject,java.lang.String) -> stringToInt