proj.android/proguard/usage.txt
com.soloman.noonedieplane.BuildConfig
com.soloman.noonedieplane.R
com.soloman.noonedieplane.R$attr
com.soloman.noonedieplane.R$color
com.soloman.noonedieplane.R$drawable
com.soloman.noonedieplane.R$string
com.soloman.noonedieplane.R$style
...
m.framework.utils.Utils
org.cocos2dx.lib.Cocos2dxAccelerometer:
    78:84:public void setInterval(float)
org.cocos2dx.lib.Cocos2dxActivity:
    113:117:public void showDialog(java.lang.String,java.lang.String)
    121:125:public void showEditTextDialog(java.lang.String,java.lang.String,int,int,int,int)
org.cocos2dx.lib.Cocos2dxBitmap:
    private static final int HORIZONTALALIGN_LEFT
    private static final int HORIZONTALALIGN_RIGHT
    private static final int HORIZONTALALIGN_CENTER
    private static final int VERTICALALIGN_TOP
    private static final int VERTICALALIGN_BOTTOM
    private static final int VERTICALALIGN_CENTER
    44:44:public Cocos2dxBitmap()
    private static native void nativeInitBitmapDC(int,int,byte[])
    97:102:public static void createTextBitmap(java.lang.String,java.lang.String,int,int,int,int)
    111:197:public static boolean createTextBitmapShadowStroke(java.lang.String,java.lang.String,int,float,float,float,int,int,int,boolean,float,float,float,float,boolean,float,float,float,float)
    202:237:private static android.graphics.Paint newPaint(java.lang.String,int,int)
    242:263:private static org.cocos2dx.lib.Cocos2dxBitmap$TextProperty computeTextProperty(java.lang.String,int,int,android.graphics.Paint)
    268:282:private static int computeX(java.lang.String,int,int)
    288:307:private static int computeY(android.graphics.Paint$FontMetricsInt,int,int,int)
    316:365:private static java.lang.String[] splitString(java.lang.String,int,int,android.graphics.Paint)
    370:412:private static java.util.LinkedList divideStringWithMaxWidth(java.lang.String,int,android.graphics.Paint)
    417:443:private static java.lang.String refactorString(java.lang.String)
    447:454:private static void initNativeObject(android.graphics.Bitmap)
org.cocos2dx.lib.Cocos2dxBitmap$TextProperty
org.cocos2dx.lib.Cocos2dxETCLoader:
    private static final java.lang.String ASSETS_PATH
    36:36:public Cocos2dxETCLoader()
    41:99:public static boolean loadTexture(java.lang.String)
    private static native void nativeSetTextureInfo(int,int,byte[],int)
org.cocos2dx.lib.Cocos2dxEditText:
    52:53:public Cocos2dxEditText(android.content.Context,android.util.AttributeSet)
    56:57:public Cocos2dxEditText(android.content.Context,android.util.AttributeSet,int)
org.cocos2dx.lib.Cocos2dxGLSurfaceView:
    private static final int HANDLER_OPEN_IME_KEYBOARD
    private static final int HANDLER_CLOSE_IME_KEYBOARD
    70:73:public Cocos2dxGLSurfaceView(android.content.Context,android.util.AttributeSet)
    317:321:public static void openIMEKeyboard()
    324:327:public static void closeIMEKeyboard()
    348:369:private static void dumpMotionEvent(android.view.MotionEvent)
org.cocos2dx.lib.Cocos2dxHandler:
    public static final int HANDLER_SHOW_DIALOG
    public static final int HANDLER_SHOW_EDITBOX_DIALOG
org.cocos2dx.lib.Cocos2dxHandler$DialogMessage:
    112:115:public Cocos2dxHandler$DialogMessage(java.lang.String,java.lang.String)
org.cocos2dx.lib.Cocos2dxHandler$EditBoxMessage:
    126:133:public Cocos2dxHandler$EditBoxMessage(java.lang.String,java.lang.String,int,int,int,int)